# configure exec: ./configure --prefix=/home/michel/Escritorio/trabajobigdata/proyecto/node_modules/node-rdkafka/build/deps --libdir=/home/michel/Escritorio/trabajobigdata/proyecto/node_modules/node-rdkafka/build/deps --prefix=/home/michel/Escritorio/trabajobigdata/proyecto/node_modules/node-rdkafka/build/deps --libdir=/home/michel/Escritorio/trabajobigdata/proyecto/node_modules/node-rdkafka/build/deps
# On lun 19 jun 2023 20:03:02 -04
DBG 34286: Setting distro (distro) status to ok (action ignore)
DBG 34286: ccenv: WITH_CC:  --version failed: mklove/modules/configure.base: línea 1824: --version: orden no encontrada
DBG 34286: Setting ccenv (ccenv) status to failed (action cont)
DBG 34286: Check ccenv (WITH_CC, action cont (originally cont)) failed: command ' --version' failed:
mklove/modules/configure.base: línea 1824: --version: orden no encontrada
DBG 34286: Setting gcc (gcc) status to ok (action cont)
DBG 34286: cxxenv: WITH_CXX:  --version failed: mklove/modules/configure.base: línea 1824: --version: orden no encontrada
DBG 34286: Setting cxxenv (cxxenv) status to failed (action cont)
DBG 34286: Check cxxenv (WITH_CXX, action cont (originally cont)) failed: command ' --version' failed:
mklove/modules/configure.base: línea 1824: --version: orden no encontrada
DBG 34286: Setting gxx (gxx) status to ok (action cont)
DBG 34286: Setting ld (ld) status to ok (action disable)
DBG 34286: Setting nm (nm) status to ok (action disable)
DBG 34286: Setting objdump (objdump) status to ok (action disable)
DBG 34286: Setting strip (strip) status to ok (action disable)
DBG 34286: libtool: : libtool is not executable: 
DBG 34286: Setting libtool (libtool) status to failed (action disable)
DBG 34286: Check libtool (, action disable (originally disable)) failed: libtool is not executable
DBG 34286: Setting ranlib (ranlib) status to ok (action disable)
DBG 34286: pkgconfig: WITH_PKGCONFIG: pkg-config --version failed: mklove/modules/configure.base: línea 1824: pkg-config: orden no encontrada
DBG 34286: Setting pkgconfig (pkgconfig) status to failed (action cont)
DBG 34286: Check pkgconfig (WITH_PKGCONFIG, action cont (originally cont)) failed: command 'pkg-config --version' failed:
mklove/modules/configure.base: línea 1824: pkg-config: orden no encontrada
DBG 34286: Setting install (install) status to ok (action cont)
DBG 34286: Setting gnuar (gnuar) status to ok (action disable)
DBG 34286: Compile check PIC (HAVE_PIC) (sub=0): gcc  -g -O2 -Wall -Werror _mkltmp82XHRG.c -o _mkltmp82XHRG.c.o  -L/home/michel/Escritorio/trabajobigdata/proyecto/node_modules/node-rdkafka/build/deps -fPIC 
DBG 34286: Setting PIC (PIC) status to ok (action disable)
DBG 34286: Compile check gnulib (WITH_GNULD) (sub=0): gcc  -g -O2 -fPIC -Wall -Werror _mkltmpc55olL.c -o _mkltmpc55olL.c.o  -L/home/michel/Escritorio/trabajobigdata/proyecto/node_modules/node-rdkafka/build/deps -shared -Wl,-soname,mkltest.0 
DBG 34286: Setting gnulib (gnulib) status to ok (action cont)
DBG 34286: Compile check ldsflagvs () (sub=0): gcc  -g -O2 -fPIC -Wall -Werror _mkltmphvr2mP.c -o _mkltmphvr2mP.c.o  -L/home/michel/Escritorio/trabajobigdata/proyecto/node_modules/node-rdkafka/build/deps -shared -Wl,--version-script=_mkltmpSvCwzk 
DBG 34286: Setting ldsflagvs (ldsflagvs) status to ok (action cont)
DBG 34286: Compile check __atomic_32 (HAVE_ATOMICS_32) (sub=0): gcc  -g -O2 -fPIC -Wall -Werror _mkltmpwcyKur.c -o _mkltmpwcyKur.c.o  -L/home/michel/Escritorio/trabajobigdata/proyecto/node_modules/node-rdkafka/build/deps  
DBG 34286: Setting __atomic_32 (__atomic_32) status to ok (action cont)
DBG 34286: Compile check __atomic_64 (HAVE_ATOMICS_64) (sub=0): gcc  -g -O2 -fPIC -Wall -Werror _mkltmpOvSrZn.c -o _mkltmpOvSrZn.c.o  -L/home/michel/Escritorio/trabajobigdata/proyecto/node_modules/node-rdkafka/build/deps  
DBG 34286: Setting __atomic_64 (__atomic_64) status to ok (action cont)
DBG 34286: Compile check socket () (sub=0): gcc  -g -O2 -fPIC -Wall -Wsign-compare -Wfloat-equal -Wpointer-arith -Wcast-align -Wall -Werror _mkltmpda8hxx.c -o _mkltmpda8hxx.c.o  -L/home/michel/Escritorio/trabajobigdata/proyecto/node_modules/node-rdkafka/build/deps  
DBG 34286: Setting socket (socket) status to ok (action cont)
DBG 34286: Setting parseversion (parseversion) status to ok (action cont)
DBG 34286: librt: Check for static library (libs -lrt, arfile variable STATIC_LIB_librt=, static filenames )
DBG 34286: Compile check librt () (sub=0): gcc  -g -O2 -fPIC -Wall -Wsign-compare -Wfloat-equal -Wpointer-arith -Wcast-align -Wall -Werror _mkltmpgqRI3t.c -o _mkltmpgqRI3t.c.o  -L/home/michel/Escritorio/trabajobigdata/proyecto/node_modules/node-rdkafka/build/deps -lrt 
DBG 34286: Setting librt (librt) status to ok (action cont)
DBG 34286: librt: from lib_check: LIBS: prepend -lrt
DBG 34286: libpthread: Check for static library (libs -lpthread, arfile variable STATIC_LIB_libpthread=, static filenames )
DBG 34286: Compile check libpthread () (sub=0): gcc  -g -O2 -fPIC -Wall -Wsign-compare -Wfloat-equal -Wpointer-arith -Wcast-align -Wall -Werror _mkltmpkO6mkN.c -o _mkltmpkO6mkN.c.o  -L/home/michel/Escritorio/trabajobigdata/proyecto/node_modules/node-rdkafka/build/deps -lpthread -lrt
DBG 34286: Setting libpthread (libpthread) status to ok (action fail)
DBG 34286: libpthread: from lib_check: LIBS: prepend -lpthread
DBG 34286: c11threads: Check for static library (libs -lpthread -lrt, arfile variable STATIC_LIB_c11threads=, static filenames )
DBG 34286: Compile check c11threads (WITH_C11THREADS) (sub=0): gcc  -g -O2 -fPIC -Wall -Wsign-compare -Wfloat-equal -Wpointer-arith -Wcast-align -Wall -Werror _mkltmpwauOmE.c -o _mkltmpwauOmE.c.o  -L/home/michel/Escritorio/trabajobigdata/proyecto/node_modules/node-rdkafka/build/deps -lpthread -lrt -lpthread -lrt
DBG 34286: Setting c11threads (c11threads) status to ok (action disable)
DBG 34286: c11threads: from lib_check: LIBS: prepend -lpthread -lrt
DBG 34286: libdl: Check for static library (libs -ldl, arfile variable STATIC_LIB_libdl=, static filenames )
DBG 34286: Compile check libdl (WITH_LIBDL) (sub=0): gcc  -g -O2 -fPIC -Wall -Wsign-compare -Wfloat-equal -Wpointer-arith -Wcast-align -Wall -Werror _mkltmpv4vUUA.c -o _mkltmpv4vUUA.c.o  -L/home/michel/Escritorio/trabajobigdata/proyecto/node_modules/node-rdkafka/build/deps -ldl -lpthread -lrt -lpthread -lrt
DBG 34286: Setting libdl (libdl) status to ok (action disable)
DBG 34286: libdl: from lib_check: LIBS: prepend -ldl
DBG 34286: zlib: Check for static library (libs -lz, arfile variable STATIC_LIB_zlib=, static filenames libz.a)
DBG 34286: Compile check zlib (WITH_ZLIB) (sub=0): gcc  -g -O2 -fPIC -Wall -Wsign-compare -Wfloat-equal -Wpointer-arith -Wcast-align -Wall -Werror _mkltmpkNNnHH.c -o _mkltmpkNNnHH.c.o  -L/home/michel/Escritorio/trabajobigdata/proyecto/node_modules/node-rdkafka/build/deps -lz -ldl -lpthread -lrt -lpthread -lrt
DBG 34286: Setting zlib (zlib) status to ok (action disable)
DBG 34286: zlib: from lib_check: LIBS: prepend -lz
DBG 34286: libcrypto: Check for static library (libs -lcrypto, arfile variable STATIC_LIB_libcrypto=, static filenames libcrypto.a)
DBG 34286: Compile check libcrypto () (sub=0): gcc  -g -O2 -fPIC -Wall -Wsign-compare -Wfloat-equal -Wpointer-arith -Wcast-align -Wall -Werror _mkltmprmgQZB.c -o _mkltmprmgQZB.c.o  -L/home/michel/Escritorio/trabajobigdata/proyecto/node_modules/node-rdkafka/build/deps -lcrypto -lz -ldl -lpthread -lrt -lpthread -lrt
DBG 34286: Setting libcrypto (libcrypto) status to ok (action disable)
DBG 34286: libcrypto: from lib_check: LIBS: prepend -lcrypto
DBG 34286: libssl: Check for static library (libs -lssl -lcrypto, arfile variable STATIC_LIB_libssl=, static filenames libssl.a)
DBG 34286: Compile check libssl (WITH_SSL) (sub=0): gcc  -g -O2 -fPIC -Wall -Wsign-compare -Wfloat-equal -Wpointer-arith -Wcast-align -Wall -Werror _mkltmpLkHk8o.c -o _mkltmpLkHk8o.c.o  -L/home/michel/Escritorio/trabajobigdata/proyecto/node_modules/node-rdkafka/build/deps -lssl -lcrypto -lcrypto -lz -ldl -lpthread -lrt -lpthread -lrt
DBG 34286: Setting libssl (libssl) status to ok (action disable)
DBG 34286: libssl: from lib_check: LIBS: prepend -lssl -lcrypto
DBG 34286: Compile check libcrypto () (sub=1): gcc  -g -O2 -fPIC -Wall -Wsign-compare -Wfloat-equal -Wpointer-arith -Wcast-align -Wall -Werror _mkltmpjKJhxr.c -o _mkltmpjKJhxr.c.o  -L/home/michel/Escritorio/trabajobigdata/proyecto/node_modules/node-rdkafka/build/deps -lcrypto -lssl -lcrypto -lcrypto -lz -ldl -lpthread -lrt -lpthread -lrt
DBG 34286: compile check for libcrypto () failed: gcc  -g -O2 -fPIC -Wall -Wsign-compare -Wfloat-equal -Wpointer-arith -Wcast-align -Wall -Werror _mkltmpjKJhxr.c -o _mkltmpjKJhxr.c.o  -L/home/michel/Escritorio/trabajobigdata/proyecto/node_modules/node-rdkafka/build/deps -lcrypto -lssl -lcrypto -lcrypto -lz -ldl -lpthread -lrt -lpthread -lrt: _mkltmpjKJhxr.c:4:2: error: #error "OpenSSL version >= v3.0.0 needs OPENSSL_SUPPRESS_DEPRECATED"
    4 | #error "OpenSSL version >= v3.0.0 needs OPENSSL_SUPPRESS_DEPRECATED"
      |  ^~~~~
DBG 34286: libsasl2: Check for static library (libs -lsasl2, arfile variable STATIC_LIB_libsasl2=, static filenames )
DBG 34286: Compile check libsasl2 (WITH_SASL_CYRUS) (sub=0): gcc  -g -O2 -fPIC -Wall -Wsign-compare -Wfloat-equal -Wpointer-arith -Wcast-align -Wall -Werror _mkltmpL1T8vv.c -o _mkltmpL1T8vv.c.o  -L/home/michel/Escritorio/trabajobigdata/proyecto/node_modules/node-rdkafka/build/deps -lsasl2 -lssl -lcrypto -lcrypto -lz -ldl -lpthread -lrt -lpthread -lrt
DBG 34286: compile check for libsasl2 (WITH_SASL_CYRUS) failed: gcc  -g -O2 -fPIC -Wall -Wsign-compare -Wfloat-equal -Wpointer-arith -Wcast-align -Wall -Werror _mkltmpL1T8vv.c -o _mkltmpL1T8vv.c.o  -L/home/michel/Escritorio/trabajobigdata/proyecto/node_modules/node-rdkafka/build/deps -lsasl2 -lssl -lcrypto -lcrypto -lz -ldl -lpthread -lrt -lpthread -lrt: _mkltmpL1T8vv.c:3:10: fatal error: sasl/sasl.h: No existe el archivo o el directorio
    3 | #include <sasl/sasl.h>
      |          ^~~~~~~~~~~~~
compilation terminated.
DBG 34286: Setting libsasl2 (libsasl2) status to failed (action disable)
DBG 34286: Check libsasl2 (WITH_SASL_CYRUS, action disable (originally disable)) failed: compile check failed:
CC: CC
flags: -lsasl2
gcc  -g -O2 -fPIC -Wall -Wsign-compare -Wfloat-equal -Wpointer-arith -Wcast-align -Wall -Werror _mkltmpL1T8vv.c -o _mkltmpL1T8vv.c.o  -L/home/michel/Escritorio/trabajobigdata/proyecto/node_modules/node-rdkafka/build/deps -lsasl2 -lssl -lcrypto -lcrypto -lz -ldl -lpthread -lrt -lpthread -lrt:
_mkltmpL1T8vv.c:3:10: fatal error: sasl/sasl.h: No existe el archivo o el directorio
    3 | #include <sasl/sasl.h>
      |          ^~~~~~~~~~~~~
compilation terminated.
source: 
#include <stddef.h>
#include <sasl/sasl.h>

DBG 34286: libsasl: Check for static library (libs -lsasl, arfile variable STATIC_LIB_libsasl=, static filenames )
DBG 34286: Compile check libsasl (WITH_SASL_CYRUS) (sub=0): gcc  -g -O2 -fPIC -Wall -Wsign-compare -Wfloat-equal -Wpointer-arith -Wcast-align -Wall -Werror _mkltmpLTw0LE.c -o _mkltmpLTw0LE.c.o  -L/home/michel/Escritorio/trabajobigdata/proyecto/node_modules/node-rdkafka/build/deps -lsasl -lssl -lcrypto -lcrypto -lz -ldl -lpthread -lrt -lpthread -lrt
DBG 34286: compile check for libsasl (WITH_SASL_CYRUS) failed: gcc  -g -O2 -fPIC -Wall -Wsign-compare -Wfloat-equal -Wpointer-arith -Wcast-align -Wall -Werror _mkltmpLTw0LE.c -o _mkltmpLTw0LE.c.o  -L/home/michel/Escritorio/trabajobigdata/proyecto/node_modules/node-rdkafka/build/deps -lsasl -lssl -lcrypto -lcrypto -lz -ldl -lpthread -lrt -lpthread -lrt: _mkltmpLTw0LE.c:3:10: fatal error: sasl/sasl.h: No existe el archivo o el directorio
    3 | #include <sasl/sasl.h>
      |          ^~~~~~~~~~~~~
compilation terminated.
DBG 34286: Setting libsasl (libsasl) status to failed (action disable)
DBG 34286: Check libsasl (WITH_SASL_CYRUS, action disable (originally disable)) failed: compile check failed:
CC: CC
flags: -lsasl
gcc  -g -O2 -fPIC -Wall -Wsign-compare -Wfloat-equal -Wpointer-arith -Wcast-align -Wall -Werror _mkltmpLTw0LE.c -o _mkltmpLTw0LE.c.o  -L/home/michel/Escritorio/trabajobigdata/proyecto/node_modules/node-rdkafka/build/deps -lsasl -lssl -lcrypto -lcrypto -lz -ldl -lpthread -lrt -lpthread -lrt:
_mkltmpLTw0LE.c:3:10: fatal error: sasl/sasl.h: No existe el archivo o el directorio
    3 | #include <sasl/sasl.h>
      |          ^~~~~~~~~~~~~
compilation terminated.
source: 
#include <stddef.h>
#include <sasl/sasl.h>

DBG 34286: libzstd: Check for static library (libs -lzstd, arfile variable STATIC_LIB_libzstd=, static filenames libzstd.a)
DBG 34286: Compile check libzstd (WITH_ZSTD) (sub=0): gcc  -g -O2 -fPIC -Wall -Wsign-compare -Wfloat-equal -Wpointer-arith -Wcast-align -Wall -Werror _mkltmphklek9.c -o _mkltmphklek9.c.o  -L/home/michel/Escritorio/trabajobigdata/proyecto/node_modules/node-rdkafka/build/deps -lzstd -lssl -lcrypto -lcrypto -lz -ldl -lpthread -lrt -lpthread -lrt
DBG 34286: compile check for libzstd (WITH_ZSTD) failed: gcc  -g -O2 -fPIC -Wall -Wsign-compare -Wfloat-equal -Wpointer-arith -Wcast-align -Wall -Werror _mkltmphklek9.c -o _mkltmphklek9.c.o  -L/home/michel/Escritorio/trabajobigdata/proyecto/node_modules/node-rdkafka/build/deps -lzstd -lssl -lcrypto -lcrypto -lz -ldl -lpthread -lrt -lpthread -lrt: _mkltmphklek9.c:2:10: fatal error: zstd.h: No existe el archivo o el directorio
    2 | #include <zstd.h>
      |          ^~~~~~~~
compilation terminated.
DBG 34286: Setting libzstd (libzstd) status to failed (action disable)
DBG 34286: Check libzstd (WITH_ZSTD, action disable (originally disable)) failed: compile check failed:
CC: CC
flags: -lzstd
gcc  -g -O2 -fPIC -Wall -Wsign-compare -Wfloat-equal -Wpointer-arith -Wcast-align -Wall -Werror _mkltmphklek9.c -o _mkltmphklek9.c.o  -L/home/michel/Escritorio/trabajobigdata/proyecto/node_modules/node-rdkafka/build/deps -lzstd -lssl -lcrypto -lcrypto -lz -ldl -lpthread -lrt -lpthread -lrt:
_mkltmphklek9.c:2:10: fatal error: zstd.h: No existe el archivo o el directorio
    2 | #include <zstd.h>
      |          ^~~~~~~~
compilation terminated.
source: 
#include <zstd.h>
#include <zstd_errors.h>

void foo (void) {
     ZSTD_getFrameContentSize(NULL, 0);
}

DBG 34286: libcurl: Check for static library (libs -lcurl, arfile variable STATIC_LIB_libcurl=, static filenames libcurl.a)
DBG 34286: Compile check libcurl (WITH_CURL) (sub=0): gcc  -g -O2 -fPIC -Wall -Wsign-compare -Wfloat-equal -Wpointer-arith -Wcast-align -Wall -Werror _mkltmpgKlbM9.c -o _mkltmpgKlbM9.c.o  -L/home/michel/Escritorio/trabajobigdata/proyecto/node_modules/node-rdkafka/build/deps -lcurl -lssl -lcrypto -lcrypto -lz -ldl -lpthread -lrt -lpthread -lrt
DBG 34286: compile check for libcurl (WITH_CURL) failed: gcc  -g -O2 -fPIC -Wall -Wsign-compare -Wfloat-equal -Wpointer-arith -Wcast-align -Wall -Werror _mkltmpgKlbM9.c -o _mkltmpgKlbM9.c.o  -L/home/michel/Escritorio/trabajobigdata/proyecto/node_modules/node-rdkafka/build/deps -lcurl -lssl -lcrypto -lcrypto -lz -ldl -lpthread -lrt -lpthread -lrt: _mkltmpgKlbM9.c:2:10: fatal error: curl/curl.h: No existe el archivo o el directorio
    2 | #include <curl/curl.h>
      |          ^~~~~~~~~~~~~
compilation terminated.
DBG 34286: Setting libcurl (libcurl) status to failed (action disable)
DBG 34286: Check libcurl (WITH_CURL, action disable (originally disable)) failed: compile check failed:
CC: CC
flags: -lcurl
gcc  -g -O2 -fPIC -Wall -Wsign-compare -Wfloat-equal -Wpointer-arith -Wcast-align -Wall -Werror _mkltmpgKlbM9.c -o _mkltmpgKlbM9.c.o  -L/home/michel/Escritorio/trabajobigdata/proyecto/node_modules/node-rdkafka/build/deps -lcurl -lssl -lcrypto -lcrypto -lz -ldl -lpthread -lrt -lpthread -lrt:
_mkltmpgKlbM9.c:2:10: fatal error: curl/curl.h: No existe el archivo o el directorio
    2 | #include <curl/curl.h>
      |          ^~~~~~~~~~~~~
compilation terminated.
source: 
#include <curl/curl.h>

void foo (void) {
     curl_global_init(CURL_GLOBAL_DEFAULT);
}

DBG 34286: libm: Check for static library (libs -lm, arfile variable STATIC_LIB_libm=, static filenames )
DBG 34286: Compile check libm () (sub=0): gcc  -g -O2 -fPIC -Wall -Wsign-compare -Wfloat-equal -Wpointer-arith -Wcast-align -Wall -Werror _mkltmpia8iuY.c -o _mkltmpia8iuY.c.o  -L/home/michel/Escritorio/trabajobigdata/proyecto/node_modules/node-rdkafka/build/deps -lm -lssl -lcrypto -lcrypto -lz -ldl -lpthread -lrt -lpthread -lrt
DBG 34286: Setting libm (libm) status to ok (action disable)
DBG 34286: libm: from lib_check: LIBS: prepend -lm
DBG 34286: liblz4: Check for static library (libs -llz4, arfile variable STATIC_LIB_liblz4=, static filenames liblz4.a)
DBG 34286: Compile check liblz4 (WITH_LZ4_EXT) (sub=0): gcc  -g -O2 -fPIC -Wall -Wsign-compare -Wfloat-equal -Wpointer-arith -Wcast-align -Wall -Werror _mkltmpkMlFmj.c -o _mkltmpkMlFmj.c.o  -L/home/michel/Escritorio/trabajobigdata/proyecto/node_modules/node-rdkafka/build/deps -llz4 -lm -lssl -lcrypto -lcrypto -lz -ldl -lpthread -lrt -lpthread -lrt
DBG 34286: compile check for liblz4 (WITH_LZ4_EXT) failed: gcc  -g -O2 -fPIC -Wall -Wsign-compare -Wfloat-equal -Wpointer-arith -Wcast-align -Wall -Werror _mkltmpkMlFmj.c -o _mkltmpkMlFmj.c.o  -L/home/michel/Escritorio/trabajobigdata/proyecto/node_modules/node-rdkafka/build/deps -llz4 -lm -lssl -lcrypto -lcrypto -lz -ldl -lpthread -lrt -lpthread -lrt: _mkltmpkMlFmj.c:1:10: fatal error: lz4frame.h: No existe el archivo o el directorio
    1 | #include <lz4frame.h>
      |          ^~~~~~~~~~~~
compilation terminated.
DBG 34286: Setting liblz4 (liblz4) status to failed (action disable)
DBG 34286: Check liblz4 (WITH_LZ4_EXT, action disable (originally disable)) failed: compile check failed:
CC: CC
flags: -llz4
gcc  -g -O2 -fPIC -Wall -Wsign-compare -Wfloat-equal -Wpointer-arith -Wcast-align -Wall -Werror _mkltmpkMlFmj.c -o _mkltmpkMlFmj.c.o  -L/home/michel/Escritorio/trabajobigdata/proyecto/node_modules/node-rdkafka/build/deps -llz4 -lm -lssl -lcrypto -lcrypto -lz -ldl -lpthread -lrt -lpthread -lrt:
_mkltmpkMlFmj.c:1:10: fatal error: lz4frame.h: No existe el archivo o el directorio
    1 | #include <lz4frame.h>
      |          ^~~~~~~~~~~~
compilation terminated.
source: #include <lz4frame.h>
DBG 34286: Compile check syslog (WITH_SYSLOG) (sub=0): gcc  -g -O2 -fPIC -Wall -Wsign-compare -Wfloat-equal -Wpointer-arith -Wcast-align -Wall -Werror _mkltmplNsC4P.c -o _mkltmplNsC4P.c.o  -L/home/michel/Escritorio/trabajobigdata/proyecto/node_modules/node-rdkafka/build/deps  -lm -lssl -lcrypto -lcrypto -lz -ldl -lpthread -lrt -lpthread -lrt
DBG 34286: Setting syslog (syslog) status to ok (action disable)
DBG 34286: Compile check rapidjson (WITH_RAPIDJSON) (sub=0): g++  -g -O2 -fPIC -Wall -Wsign-compare -Wfloat-equal -Wpointer-arith -Wcast-align -Wall -Werror _mkltmpveGRpR.cpp -o _mkltmpveGRpR.cpp.o  -L/home/michel/Escritorio/trabajobigdata/proyecto/node_modules/node-rdkafka/build/deps  -lm -lssl -lcrypto -lcrypto -lz -ldl -lpthread -lrt -lpthread -lrt
DBG 34286: compile check for rapidjson (WITH_RAPIDJSON) failed: g++  -g -O2 -fPIC -Wall -Wsign-compare -Wfloat-equal -Wpointer-arith -Wcast-align -Wall -Werror _mkltmpveGRpR.cpp -o _mkltmpveGRpR.cpp.o  -L/home/michel/Escritorio/trabajobigdata/proyecto/node_modules/node-rdkafka/build/deps  -lm -lssl -lcrypto -lcrypto -lz -ldl -lpthread -lrt -lpthread -lrt: _mkltmpveGRpR.cpp:1:10: fatal error: rapidjson/schema.h: No existe el archivo o el directorio
    1 | #include <rapidjson/schema.h>
      |          ^~~~~~~~~~~~~~~~~~~~
compilation terminated.
DBG 34286: Setting rapidjson (rapidjson) status to failed (action disable)
DBG 34286: Check rapidjson (WITH_RAPIDJSON, action disable (originally disable)) failed: compile check failed:
CC: CXX
flags: 
g++  -g -O2 -fPIC -Wall -Wsign-compare -Wfloat-equal -Wpointer-arith -Wcast-align -Wall -Werror _mkltmpveGRpR.cpp -o _mkltmpveGRpR.cpp.o  -L/home/michel/Escritorio/trabajobigdata/proyecto/node_modules/node-rdkafka/build/deps  -lm -lssl -lcrypto -lcrypto -lz -ldl -lpthread -lrt -lpthread -lrt:
_mkltmpveGRpR.cpp:1:10: fatal error: rapidjson/schema.h: No existe el archivo o el directorio
    1 | #include <rapidjson/schema.h>
      |          ^~~~~~~~~~~~~~~~~~~~
compilation terminated.
source: #include <rapidjson/schema.h>
DBG 34286: Compile check crc32chw (WITH_CRC32C_HW) (sub=0): gcc  -g -O2 -fPIC -Wall -Wsign-compare -Wfloat-equal -Wpointer-arith -Wcast-align -Wall -Werror _mkltmpqIb9J8.c -o _mkltmpqIb9J8.c.o  -L/home/michel/Escritorio/trabajobigdata/proyecto/node_modules/node-rdkafka/build/deps  -lm -lssl -lcrypto -lcrypto -lz -ldl -lpthread -lrt -lpthread -lrt
DBG 34286: Setting crc32chw (crc32chw) status to ok (action disable)
DBG 34286: Compile check regex (HAVE_REGEX) (sub=0): gcc  -g -O2 -fPIC -Wall -Wsign-compare -Wfloat-equal -Wpointer-arith -Wcast-align -Wall -Werror _mkltmpVQhYc7.c -o _mkltmpVQhYc7.c.o  -L/home/michel/Escritorio/trabajobigdata/proyecto/node_modules/node-rdkafka/build/deps  -lm -lssl -lcrypto -lcrypto -lz -ldl -lpthread -lrt -lpthread -lrt
DBG 34286: Setting regex (regex) status to ok (action disable)
DBG 34286: Compile check rand_r (HAVE_RAND_R) (sub=0): gcc  -g -O2 -fPIC -Wall -Wsign-compare -Wfloat-equal -Wpointer-arith -Wcast-align -Wall -Werror _mkltmpYrSY0h.c -o _mkltmpYrSY0h.c.o  -L/home/michel/Escritorio/trabajobigdata/proyecto/node_modules/node-rdkafka/build/deps  -lm -lssl -lcrypto -lcrypto -lz -ldl -lpthread -lrt -lpthread -lrt
DBG 34286: Setting rand_r (rand_r) status to ok (action disable)
DBG 34286: Compile check strndup (HAVE_STRNDUP) (sub=0): gcc  -g -O2 -fPIC -Wall -Wsign-compare -Wfloat-equal -Wpointer-arith -Wcast-align -Wall -Werror _mkltmpoed2J3.c -o _mkltmpoed2J3.c.o  -L/home/michel/Escritorio/trabajobigdata/proyecto/node_modules/node-rdkafka/build/deps  -lm -lssl -lcrypto -lcrypto -lz -ldl -lpthread -lrt -lpthread -lrt
DBG 34286: Setting strndup (strndup) status to ok (action disable)
DBG 34286: Compile check strlcpy (HAVE_STRLCPY) (sub=0): gcc  -g -O2 -fPIC -Wall -Wsign-compare -Wfloat-equal -Wpointer-arith -Wcast-align -Wall -Werror _mkltmpPg3vmD.c -o _mkltmpPg3vmD.c.o  -L/home/michel/Escritorio/trabajobigdata/proyecto/node_modules/node-rdkafka/build/deps  -lm -lssl -lcrypto -lcrypto -lz -ldl -lpthread -lrt -lpthread -lrt
DBG 34286: compile check for strlcpy (HAVE_STRLCPY) failed: gcc  -g -O2 -fPIC -Wall -Wsign-compare -Wfloat-equal -Wpointer-arith -Wcast-align -Wall -Werror _mkltmpPg3vmD.c -o _mkltmpPg3vmD.c.o  -L/home/michel/Escritorio/trabajobigdata/proyecto/node_modules/node-rdkafka/build/deps  -lm -lssl -lcrypto -lcrypto -lz -ldl -lpthread -lrt -lpthread -lrt: _mkltmpPg3vmD.c: In function ‘foo’:
_mkltmpPg3vmD.c:6:11: error: implicit declaration of function ‘strlcpy’; did you mean ‘strncpy’? [-Werror=implicit-function-declaration]
    6 |    return strlcpy(dest, "something", sizeof(dest));
      |           ^~~~~~~
      |           strncpy
cc1: all warnings being treated as errors
DBG 34286: Setting strlcpy (strlcpy) status to failed (action disable)
DBG 34286: Check strlcpy (HAVE_STRLCPY, action disable (originally disable)) failed: compile check failed:
CC: CC
flags: 
gcc  -g -O2 -fPIC -Wall -Wsign-compare -Wfloat-equal -Wpointer-arith -Wcast-align -Wall -Werror _mkltmpPg3vmD.c -o _mkltmpPg3vmD.c.o  -L/home/michel/Escritorio/trabajobigdata/proyecto/node_modules/node-rdkafka/build/deps  -lm -lssl -lcrypto -lcrypto -lz -ldl -lpthread -lrt -lpthread -lrt:
_mkltmpPg3vmD.c: In function ‘foo’:
_mkltmpPg3vmD.c:6:11: error: implicit declaration of function ‘strlcpy’; did you mean ‘strncpy’? [-Werror=implicit-function-declaration]
    6 |    return strlcpy(dest, "something", sizeof(dest));
      |           ^~~~~~~
      |           strncpy
cc1: all warnings being treated as errors
source: 
#define _DARWIN_C_SOURCE
#include <string.h>
int foo (void) {
    char dest[4];
   return strlcpy(dest, "something", sizeof(dest));
}
DBG 34286: Compile check strerror_r (HAVE_STRERROR_R) (sub=0): gcc  -g -O2 -fPIC -Wall -Wsign-compare -Wfloat-equal -Wpointer-arith -Wcast-align -Wall -Werror _mkltmpmBvzf7.c -o _mkltmpmBvzf7.c.o  -L/home/michel/Escritorio/trabajobigdata/proyecto/node_modules/node-rdkafka/build/deps  -lm -lssl -lcrypto -lcrypto -lz -ldl -lpthread -lrt -lpthread -lrt
DBG 34286: Setting strerror_r (strerror_r) status to ok (action disable)
DBG 34286: Compile check strcasestr (HAVE_STRCASESTR) (sub=0): gcc  -g -O2 -fPIC -Wall -Wsign-compare -Wfloat-equal -Wpointer-arith -Wcast-align -Wall -Werror _mkltmpyZcnqI.c -o _mkltmpyZcnqI.c.o  -L/home/michel/Escritorio/trabajobigdata/proyecto/node_modules/node-rdkafka/build/deps  -lm -lssl -lcrypto -lcrypto -lz -ldl -lpthread -lrt -lpthread -lrt
DBG 34286: Setting strcasestr (strcasestr) status to ok (action disable)
DBG 34286: Compile check pthread_setname_gnu (HAVE_PTHREAD_SETNAME_GNU) (sub=0): gcc  -g -O2 -fPIC -Wall -Wsign-compare -Wfloat-equal -Wpointer-arith -Wcast-align -Wall -Werror _mkltmpNYIOgw.c -o _mkltmpNYIOgw.c.o  -L/home/michel/Escritorio/trabajobigdata/proyecto/node_modules/node-rdkafka/build/deps -D_GNU_SOURCE -lpthread -lm -lssl -lcrypto -lcrypto -lz -ldl -lpthread -lrt -lpthread -lrt
DBG 34286: Setting pthread_setname_gnu (pthread_setname_gnu) status to ok (action disable)
DBG 34286: Setting nm (nm) status to ok (action cont)
DBG 34286: Setting python3 (python3) status to ok (action disable)
DBG 34286: Compile check getrusage (HAVE_GETRUSAGE) (sub=0): gcc  -g -O2 -fPIC -Wall -Wsign-compare -Wfloat-equal -Wpointer-arith -Wcast-align -Wall -Werror _mkltmpPELeYM.c -o _mkltmpPELeYM.c.o  -L/home/michel/Escritorio/trabajobigdata/proyecto/node_modules/node-rdkafka/build/deps  -lm -lssl -lcrypto -lcrypto -lz -ldl -lpthread -lrt -lpthread -lrt
DBG 34286: Setting getrusage (getrusage) status to ok (action disable)
